E:\COMPILER\COMPILER_GENCODE\COMPILER_AST\DEBUG\ANALYSE.OBJ
E:\COMPILER\COMPILER_GENCODE\COMPILER_AST\DEBUG\ARRAYASSIGNSTM.OBJ
E:\COMPILER\COMPILER_GENCODE\COMPILER_AST\DEBUG\ASSIGNSTM.OBJ
E:\COMPILER\COMPILER_GENCODE\COMPILER_AST\DEBUG\BOOLTYPE.OBJ
E:\COMPILER\COMPILER_GENCODE\COMPILER_AST\DEBUG\BUFFERMGR.OBJ
E:\Compiler\Compiler_GenCode\Compiler_AST\Debug\cl.command.1.tlog
E:\Compiler\Compiler_GenCode\Compiler_AST\Debug\CL.read.1.tlog
E:\Compiler\Compiler_GenCode\Compiler_AST\Debug\CL.write.1.tlog
E:\COMPILER\COMPILER_GENCODE\COMPILER_AST\DEBUG\CLASSDECLS.OBJ
E:\COMPILER\COMPILER_GENCODE\COMPILER_AST\DEBUG\CLASSNAMEDECL.OBJ
E:\Compiler\Compiler_GenCode\Compiler_AST\Debug\Compiler_AST.exe.embed.manifest
E:\COMPILER\COMPILER_GENCODE\COMPILER_AST\DEBUG\COMPILER_AST.EXE.EMBED.MANIFEST.RES
E:\Compiler\Compiler_GenCode\Compiler_AST\Debug\Compiler_AST.exe.intermediate.manifest
E:\Compiler\Compiler_GenCode\Compiler_AST\Debug\Compiler_AST_manifest.rc
E:\COMPILER\COMPILER_GENCODE\COMPILER_AST\DEBUG\COMPOSITESTATEMENT.OBJ
E:\COMPILER\COMPILER_GENCODE\COMPILER_AST\DEBUG\DOTIDEXPP.OBJ
E:\COMPILER\COMPILER_GENCODE\COMPILER_AST\DEBUG\DOTLENEXPP.OBJ
E:\COMPILER\COMPILER_GENCODE\COMPILER_AST\DEBUG\EMPTYEXPLIST.OBJ
E:\COMPILER\COMPILER_GENCODE\COMPILER_AST\DEBUG\EXPREST.OBJ
E:\COMPILER\COMPILER_GENCODE\COMPILER_AST\DEBUG\EXPRESTS.OBJ
E:\COMPILER\COMPILER_GENCODE\COMPILER_AST\DEBUG\EXTENDSCLASSDECL.OBJ
E:\COMPILER\COMPILER_GENCODE\COMPILER_AST\DEBUG\FALSEEXP.OBJ
E:\COMPILER\COMPILER_GENCODE\COMPILER_AST\DEBUG\IARRAYTYPE.OBJ
E:\COMPILER\COMPILER_GENCODE\COMPILER_AST\DEBUG\IDEXP.OBJ
E:\COMPILER\COMPILER_GENCODE\COMPILER_AST\DEBUG\IDTYPE.OBJ
E:\COMPILER\COMPILER_GENCODE\COMPILER_AST\DEBUG\IFSTATEMENT.OBJ
E:\COMPILER\COMPILER_GENCODE\COMPILER_AST\DEBUG\INTTYPE.OBJ
E:\COMPILER\COMPILER_GENCODE\COMPILER_AST\DEBUG\LBRACKEXPP.OBJ
E:\COMPILER\COMPILER_GENCODE\COMPILER_AST\DEBUG\LEXER.OBJ
E:\Compiler\Compiler_GenCode\Compiler_AST\Debug\link.command.1.tlog
E:\Compiler\Compiler_GenCode\Compiler_AST\Debug\link.read.1.tlog
E:\Compiler\Compiler_GenCode\Compiler_AST\Debug\link.write.1.tlog
E:\Compiler\Compiler_GenCode\Compiler_AST\Debug\link-cvtres.read.1.tlog
E:\Compiler\Compiler_GenCode\Compiler_AST\Debug\link-cvtres.write.1.tlog
E:\COMPILER\COMPILER_GENCODE\COMPILER_AST\DEBUG\LPARENEXP.OBJ
E:\COMPILER\COMPILER_GENCODE\COMPILER_AST\DEBUG\MAIN.OBJ
E:\COMPILER\COMPILER_GENCODE\COMPILER_AST\DEBUG\MAINCLASS.OBJ
E:\COMPILER\COMPILER_GENCODE\COMPILER_AST\DEBUG\NEEXPLIST.OBJ
E:\COMPILER\COMPILER_GENCODE\COMPILER_AST\DEBUG\NEWIDEXP.OBJ
E:\COMPILER\COMPILER_GENCODE\COMPILER_AST\DEBUG\NEWINTEXP.OBJ
E:\COMPILER\COMPILER_GENCODE\COMPILER_AST\DEBUG\NOTEXP.OBJ
E:\COMPILER\COMPILER_GENCODE\COMPILER_AST\DEBUG\NUMEXP.OBJ
E:\COMPILER\COMPILER_GENCODE\COMPILER_AST\DEBUG\OPEXPP.OBJ
E:\COMPILER\COMPILER_GENCODE\COMPILER_AST\DEBUG\PARSER.OBJ
E:\COMPILER\COMPILER_GENCODE\COMPILER_AST\DEBUG\PRINTSTATEMENT.OBJ
E:\COMPILER\COMPILER_GENCODE\COMPILER_AST\DEBUG\PROGRAM.OBJ
E:\Compiler\Compiler_GenCode\Compiler_AST\Debug\rc.command.1.tlog
E:\Compiler\Compiler_GenCode\Compiler_AST\Debug\rc.read.1.tlog
E:\Compiler\Compiler_GenCode\Compiler_AST\Debug\rc.write.1.tlog
E:\COMPILER\COMPILER_GENCODE\COMPILER_AST\DEBUG\SINGLECLASSDECL.OBJ
E:\COMPILER\COMPILER_GENCODE\COMPILER_AST\DEBUG\THISEXP.OBJ
E:\COMPILER\COMPILER_GENCODE\COMPILER_AST\DEBUG\TRUEEXP.OBJ
E:\COMPILER\COMPILER_GENCODE\COMPILER_AST\DEBUG\VARDECL.OBJ
E:\COMPILER\COMPILER_GENCODE\COMPILER_AST\DEBUG\VARDECLS.OBJ
E:\Compiler\Compiler_GenCode\Compiler_AST\Debug\vc100.idb
E:\COMPILER\COMPILER_GENCODE\COMPILER_AST\DEBUG\VC100.PDB
E:\COMPILER\COMPILER_GENCODE\COMPILER_AST\DEBUG\WHILESTATEMENT.OBJ
E:\Compiler\Compiler_GenCode\Debug\Compiler_AST.pdb
