Build started 2012-6-20 21:53:06.
     1>Project "E:\Compiler\Lexer\Lexer\Lexer.vcxproj" on node 2 (build target(s)).
     1>InitializeBuildStatus:
         Creating "Debug\Lexer.unsuccessfulbuild" because "AlwaysCreate" was specified.
       ClCompile:
         D:\Program Files\Microsoft Visual Studio 10.0\VC\bin\CL.exe /c /ZI /nologo /W3 /WX- /Od /Oy- /D WIN32 /D _DEBUG /D _CONSOLE /D _UNICODE /D UNICODE /Gm /EHsc /RTC1 /MDd /GS /fp:precise /Zc:wchar_t /Zc:forScope /Fo"Debug\\" /Fd"Debug\vc100.pdb" /Gd /TP /analyze- /errorReport:prompt Main.cpp
         Main.cpp
       ManifestResourceCompile:
         All outputs are up-to-date.
       Link:
         D:\Program Files\Microsoft Visual Studio 10.0\VC\bin\link.exe /ERRORREPORT:PROMPT /OUT:"E:\Compiler\Lexer\Debug\Lexer.exe" /INCREMENTAL /NOLOGO kernel32.lib user32.lib gdi32.lib winspool.lib comdlg32.lib advapi32.lib shell32.lib ole32.lib oleaut32.lib uuid.lib odbc32.lib odbccp32.lib /MANIFEST /ManifestFile:"Debug\Lexer.exe.intermediate.manifest" /MANIFESTUAC:"level='asInvoker' uiAccess='false'" /DEBUG /PDB:"E:\Compiler\Lexer\Debug\Lexer.pdb" /SUBSYSTEM:CONSOLE /TLBID:1 /DYNAMICBASE /NXCOMPAT /IMPLIB:"E:\Compiler\Lexer\Debug\Lexer.lib" /MACHINE:X86 Debug\Lexer.exe.embed.manifest.res
         Debug\BufferMgr.obj
         Debug\Lexer.obj
         Debug\Main.obj
       Manifest:
         C:\Program Files\Microsoft SDKs\Windows\v7.0A\bin\mt.exe /nologo /verbose /out:"Debug\Lexer.exe.embed.manifest" /manifest Debug\Lexer.exe.intermediate.manifest
         All outputs are up-to-date.
       LinkEmbedManifest:
         All outputs are up-to-date.
         Lexer.vcxproj -> E:\Compiler\Lexer\Debug\Lexer.exe
       FinalizeBuildStatus:
         Deleting file "Debug\Lexer.unsuccessfulbuild".
         Touching "Debug\Lexer.lastbuildstate".
     1>Done Building Project "E:\Compiler\Lexer\Lexer\Lexer.vcxproj" (build target(s)).

Build succeeded.

Time Elapsed 00:00:01.17
